<?xml version="1.0" encoding="UTF-8"?>
<!-- Generated by org.testng.reporters.JUnitReportReporter -->
<testsuite hostname="COG-WIN-MAC03" failures="0" tests="1" name="testcases.ProjectListingTest" time="242.304" errors="0" timestamp="2023-07-29T23:54:21 IST" skipped="0">
  <testcase classname="testcases.ProjectListingTest" name="addProjectWithDefaultTemplate" time="242.304"/>
  <system-out/>
</testsuite> <!-- testcases.ProjectListingTest -->
