<?xml version="1.0" encoding="UTF-8"?>
<!-- Generated by org.testng.reporters.JUnitReportReporter -->
<testsuite hostname="COG-WIN-MAC03" failures="0" tests="1" name="testcases.AddExpenseLimitTest" time="138.294" errors="0" timestamp="2022-12-08T17:40:17 IST" skipped="0">
  <testcase classname="testcases.AddExpenseLimitTest" name="addExpenseLimit" time="138.294"/>
  <system-out/>
</testsuite> <!-- testcases.AddExpenseLimitTest -->
