<?xml version="1.0" encoding="UTF-8"?>
<!-- Generated by org.testng.reporters.JUnitReportReporter -->
<testsuite hostname="COG-WIN-MAC03" failures="0" tests="1" name="testcases.ExpenseReportTest" time="524.222" errors="0" timestamp="2022-11-11T15:30:44 IST" skipped="0">
  <testcase classname="testcases.ExpenseReportTest" name="verifyExpenseReport" time="524.222"/>
  <system-out/>
</testsuite> <!-- testcases.ExpenseReportTest -->
