<?xml version="1.0" encoding="UTF-8"?>
<!-- Generated by org.testng.reporters.JUnitReportReporter -->
<testsuite hostname="COG-WIN-MAC03" failures="0" tests="2" name="testcases.BulkUploadTest" time="99.988" errors="0" timestamp="2023-07-29T22:08:59 IST" skipped="0">
  <testcase classname="testcases.BulkUploadTest" name="verifyBulkUploadValidation" time="48.564"/>
  <system-out/>
  <testcase classname="testcases.BulkUploadTest" name="verifyExpenseFileUpload" time="51.424"/>
  <system-out/>
</testsuite> <!-- testcases.BulkUploadTest -->
