<?xml version="1.0" encoding="UTF-8"?>
<!-- Generated by org.testng.reporters.JUnitReportReporter -->
<testsuite hostname="COG-WIN-MAC03" failures="0" tests="2" name="testcases.ReimbursementsTest" time="542.311" errors="0" timestamp="2022-12-08T17:40:17 IST" skipped="0">
  <testcase classname="testcases.ReimbursementsTest" name="verifyReimbursementReportWithCompany" time="409.357"/>
  <system-out/>
  <testcase classname="testcases.ReimbursementsTest" name="verifyReimbursementReportWithClient" time="132.954"/>
  <system-out/>
</testsuite> <!-- testcases.ReimbursementsTest -->
