<?xml version="1.0" encoding="UTF-8"?>
<!-- Generated by org.testng.reporters.JUnitReportReporter -->
<testsuite hostname="COG-WIN-MAC03" failures="0" tests="1" name="testcases.ExpenseOverLimitTest" time="331.972" errors="0" timestamp="2022-12-08T17:40:17 IST" skipped="0">
  <testcase classname="testcases.ExpenseOverLimitTest" name="verifyOverLimitReport" time="331.972"/>
  <system-out/>
</testsuite> <!-- testcases.ExpenseOverLimitTest -->
