<?xml version="1.0" encoding="UTF-8"?>
<!-- Generated by org.testng.reporters.JUnitReportReporter -->
<testsuite hostname="COG-WIN-MAC03" failures="0" tests="2" name="testcases.ExpenseApprovalTest" time="676.363" errors="0" timestamp="2022-12-08T17:40:17 IST" skipped="0">
  <testcase classname="testcases.ExpenseApprovalTest" name="verifyExpenseApproveFunctionality" time="321.556"/>
  <system-out/>
  <testcase classname="testcases.ExpenseApprovalTest" name="verifyExpenseRejectFunctionality" time="354.807"/>
  <system-out/>
</testsuite> <!-- testcases.ExpenseApprovalTest -->
