<?xml version="1.0" encoding="UTF-8"?>
<!-- Generated by org.testng.reporters.JUnitReportReporter -->
<testsuite hostname="COG-WIN-MAC03" failures="0" tests="2" name="testcases.ManageExpenseTest" time="314.816" errors="0" timestamp="2022-11-11T15:30:44 IST" skipped="0">
  <testcase classname="testcases.ManageExpenseTest" name="addExpenseWithSaveAsDraft" time="207.043"/>
  <system-out/>
  <testcase classname="testcases.ManageExpenseTest" name="addExpenseWithSubmitForApproval" time="107.773"/>
  <system-out/>
</testsuite> <!-- testcases.ManageExpenseTest -->
