<?xml version="1.0" encoding="UTF-8"?>
<!-- Generated by org.testng.reporters.JUnitReportReporter -->
<testsuite hostname="COG-WIN-MAC03" failures="0" tests="2" name="testcases.ManageExpenseTest" time="312.205" errors="0" timestamp="2022-12-08T17:40:17 IST" skipped="0">
  <testcase classname="testcases.ManageExpenseTest" name="addExpenseWithSaveAsDraft" time="203.743"/>
  <system-out/>
  <testcase classname="testcases.ManageExpenseTest" name="addExpenseWithSubmitForApproval" time="108.462"/>
  <system-out/>
</testsuite> <!-- testcases.ManageExpenseTest -->
