<?xml version="1.0" encoding="UTF-8"?>
<!-- Generated by org.testng.reporters.JUnitReportReporter -->
<testsuite hostname="COG-WIN-MAC03" failures="0" tests="1" name="testcases.ExpenseReportTest" time="549.718" errors="0" timestamp="2022-12-08T17:51:24 IST" skipped="0">
  <testcase classname="testcases.ExpenseReportTest" name="verifyExpenseReport" time="549.718"/>
  <system-out/>
</testsuite> <!-- testcases.ExpenseReportTest -->
