<?xml version="1.0" encoding="UTF-8"?>
<!-- Generated by org.testng.reporters.JUnitReportReporter -->
<testsuite hostname="COG-WIN-MAC03" failures="0" tests="2" name="testcases.ExpenseListingTest" time="326.638" errors="0" timestamp="2022-12-08T17:40:17 IST" skipped="0">
  <testcase classname="testcases.ExpenseListingTest" name="verifyEditExpenseFunctionality" time="228.472"/>
  <system-out/>
  <testcase classname="testcases.ExpenseListingTest" name="verifySearchFunctionality" time="98.166"/>
  <system-out/>
</testsuite> <!-- testcases.ExpenseListingTest -->
