<?xml version="1.0" encoding="UTF-8"?>
<!-- Generated by org.testng.reporters.JUnitReportReporter -->
<testsuite hostname="COG-WIN-MAC03" failures="0" tests="2" name="testcases.BulkUploadTest" time="86.649" errors="0" timestamp="2022-12-08T17:40:17 IST" skipped="0">
  <testcase classname="testcases.BulkUploadTest" name="verifyBulkUploadValidation" time="35.963"/>
  <system-out/>
  <testcase classname="testcases.BulkUploadTest" name="verifyExpenseFileUpload" time="50.686"/>
  <system-out/>
</testsuite> <!-- testcases.BulkUploadTest -->
