<?xml version="1.0" encoding="UTF-8"?>
<!-- Generated by org.testng.reporters.JUnitReportReporter -->
<testsuite hostname="COG-WIN-MAC03" failures="0" tests="1" name="testcases.ProjectListingTest" time="197.583" errors="0" timestamp="2022-11-11T15:30:43 IST" skipped="0">
  <testcase classname="testcases.ProjectListingTest" name="addProjectWithDefaultTemplate" time="197.583"/>
  <system-out/>
</testsuite> <!-- testcases.ProjectListingTest -->
