<?xml version="1.0" encoding="UTF-8"?>
<!-- Generated by org.testng.reporters.JUnitReportReporter -->
<testsuite hostname="COG-WIN-MAC03" failures="0" tests="2" name="testcases.ManageExpenseTest" time="549.056" errors="0" timestamp="2023-07-29T23:41:44 IST" skipped="0">
  <testcase classname="testcases.ManageExpenseTest" name="addExpenseWithSaveAsDraft" time="374.853"/>
  <system-out/>
  <testcase classname="testcases.ManageExpenseTest" name="addExpenseWithSubmitForApproval" time="174.203"/>
  <system-out/>
</testsuite> <!-- testcases.ManageExpenseTest -->
