<?xml version="1.0" encoding="UTF-8"?>
<!-- Generated by org.testng.reporters.JUnitReportReporter -->
<testsuite hostname="COG-WIN-MAC03" failures="0" tests="2" name="testcases.ExpenseListingTest" time="356.071" errors="0" timestamp="2022-11-11T15:30:43 IST" skipped="0">
  <testcase classname="testcases.ExpenseListingTest" name="verifyEditExpenseFunctionality" time="252.186"/>
  <system-out/>
  <testcase classname="testcases.ExpenseListingTest" name="verifySearchFunctionality" time="103.885"/>
  <system-out/>
</testsuite> <!-- testcases.ExpenseListingTest -->
