<?xml version="1.0" encoding="UTF-8"?>
<!-- Generated by org.testng.reporters.JUnitReportReporter -->
<testsuite hostname="COG-WIN-MAC03" failures="0" tests="1" name="testcases.AddExpenseLimitTest" time="136.913" errors="0" timestamp="2022-11-11T15:30:43 IST" skipped="0">
  <testcase classname="testcases.AddExpenseLimitTest" name="addExpenseLimit" time="136.913"/>
  <system-out/>
</testsuite> <!-- testcases.AddExpenseLimitTest -->
