<?xml version="1.0" encoding="UTF-8"?>
<!-- Generated by org.testng.reporters.JUnitReportReporter -->
<testsuite hostname="COG-WIN-MAC03" failures="0" tests="1" name="testcases.ReimbursementsTest" time="473.501" errors="0" timestamp="2022-11-11T15:46:48 IST" skipped="0">
  <testcase classname="testcases.ReimbursementsTest" name="verifyReimbursementReportWithCompany" time="473.501"/>
  <system-out/>
</testsuite> <!-- testcases.ReimbursementsTest -->
