<?xml version="1.0" encoding="UTF-8"?>
<!-- Generated by org.testng.reporters.JUnitReportReporter -->
<testsuite hostname="COG-WIN-MAC03" failures="0" tests="2" name="testcases.ExpenseApprovalTest" time="686.869" errors="0" timestamp="2022-11-11T15:30:43 IST" skipped="0">
  <testcase classname="testcases.ExpenseApprovalTest" name="verifyExpenseApproveFunctionality" time="318.173"/>
  <system-out/>
  <testcase classname="testcases.ExpenseApprovalTest" name="verifyExpenseRejectFunctionality" time="368.696"/>
  <system-out/>
</testsuite> <!-- testcases.ExpenseApprovalTest -->
