<?xml version="1.0" encoding="UTF-8"?>
<!-- Generated by org.testng.reporters.JUnitReportReporter -->
<testsuite hostname="COG-WIN-MAC03" failures="0" tests="1" name="testcases.ExpenseOverLimitTest" time="383.887" errors="0" timestamp="2022-11-11T15:30:43 IST" skipped="0">
  <testcase classname="testcases.ExpenseOverLimitTest" name="verifyOverLimitReport" time="383.887"/>
  <system-out/>
</testsuite> <!-- testcases.ExpenseOverLimitTest -->
