<?xml version="1.0" encoding="UTF-8"?>
<!-- Generated by org.testng.reporters.JUnitReportReporter -->
<testsuite hostname="COG-WIN-MAC03" failures="0" tests="1" name="testcases.AddExpenseLimitTest" time="161.935" errors="0" timestamp="2023-07-29T22:05:31 IST" skipped="0">
  <testcase classname="testcases.AddExpenseLimitTest" name="addExpenseLimit" time="161.935"/>
  <system-out/>
</testsuite> <!-- testcases.AddExpenseLimitTest -->
